<?xml version="1.0" encoding="UTF-8"?>
<!-- Generated by org.testng.reporters.JUnitReportReporter -->
<testsuite hostname="Prasannakumar" failures="0" tests="1" name="day.HttpRequesr" time="1.755" errors="0" timestamp="2024-05-16T15:47:32 IST" skipped="0">
  <testcase classname="day.HttpRequesr" name="getusers" time="1.755"/>
  <system-out/>
</testsuite> <!-- day.HttpRequesr -->
