<?xml version="1.0" encoding="UTF-8"?>
<!-- Generated by org.testng.reporters.JUnitReportReporter -->
<testsuite hostname="Prasannakumar" failures="0" tests="6" name="day5.FileUploadAndDownload" time="1.319" errors="0" timestamp="2024-05-19T15:38:18 IST" skipped="4">
  <testcase classname="day5.FileUploadAndDownload" name="fileUploadfor_ApiChaining_step1" time="1.278"/>
  <system-out/>
  <testcase classname="day5.FileUploadAndDownload" name="DownloadFile_passurl_Through_Api_chanining_step2" time="0.041"/>
  <system-out/>
  <testcase classname="day5.FileUploadAndDownload" name="SingleFile_upload">
    <skipped/>
  </testcase> <!-- SingleFile_upload -->
  <system-out/>
  <testcase classname="day5.FileUploadAndDownload" name="DownloadFile">
    <skipped/>
  </testcase> <!-- DownloadFile -->
  <system-out/>
  <testcase classname="day5.FileUploadAndDownload" name="MultipleFile_upload_validateNames">
    <skipped/>
  </testcase> <!-- MultipleFile_upload_validateNames -->
  <system-out/>
  <testcase classname="day5.FileUploadAndDownload" name="MultipleFile_upload_printTheNames">
    <skipped/>
  </testcase> <!-- MultipleFile_upload_printTheNames -->
  <system-out/>
</testsuite> <!-- day5.FileUploadAndDownload -->
