<?xml version="1.0" encoding="UTF-8"?>
<!-- Generated by org.testng.reporters.JUnitReportReporter -->
<testsuite hostname="Prasannakumar" failures="0" tests="1" name="day.loogingDemo" time="1.333" errors="0" timestamp="2024-05-17T18:36:33 IST" skipped="0">
  <testcase classname="day.loogingDemo" name="testLog" time="1.333"/>
  <system-out/>
</testsuite> <!-- day.loogingDemo -->
