<?xml version="1.0" encoding="UTF-8"?>
<!-- Generated by org.testng.reporters.JUnitReportReporter -->
<testsuite hostname="Prasannakumar" failures="0" tests="1" name="day.QueryPathParams" time="1.592" errors="0" timestamp="2024-05-17T17:33:46 IST" skipped="0">
  <testcase classname="day.QueryPathParams" name="testQuerypath" time="1.592"/>
  <system-out/>
</testsuite> <!-- day.QueryPathParams -->
