<?xml version="1.0" encoding="UTF-8"?>
<!-- Generated by org.testng.reporters.JUnitReportReporter -->
<testsuite hostname="Prasannakumar" failures="0" tests="1" name="day.HeaderDemo" time="1.742" errors="0" timestamp="2024-05-17T18:24:34 IST" skipped="0">
  <testcase classname="day.HeaderDemo" name="getallHeaderData" time="1.742"/>
  <system-out/>
</testsuite> <!-- day.HeaderDemo -->
