<?xml version="1.0" encoding="UTF-8"?>
<!-- Generated by org.testng.reporters.JUnitReportReporter -->
<testsuite hostname="Prasannakumar" failures="0" tests="1" name="day5.ParsingXMLResponse" time="2.293" errors="0" timestamp="2024-05-19T14:17:39 IST" skipped="0">
  <testcase classname="day5.ParsingXMLResponse" name="testXMLResponse_order_changed_index_changed" time="2.293"/>
  <system-out/>
</testsuite> <!-- day5.ParsingXMLResponse -->
