<?xml version="1.0" encoding="UTF-8"?>
<!-- Generated by org.testng.reporters.JUnitReportReporter -->
<testsuite hostname="Prasannakumar" failures="0" tests="1" name="day.PostRequestTypes" time="1.285" errors="0" timestamp="2024-05-17T00:14:09 IST" skipped="0">
  <testcase classname="day.PostRequestTypes" name="PostDataExternalFile" time="1.285"/>
  <system-out/>
</testsuite> <!-- day.PostRequestTypes -->
