<?xml version="1.0" encoding="UTF-8"?>
<!-- Generated by org.testng.reporters.JUnitReportReporter -->
<testsuite hostname="Prasannakumar" failures="0" tests="1" name="day.HttpRequest" time="1.509" errors="0" timestamp="2024-05-17T12:39:14 IST" skipped="0">
  <testcase classname="day.HttpRequest" name="getusers" time="1.509"/>
  <system-out/>
</testsuite> <!-- day.HttpRequest -->
