<?xml version="1.0" encoding="UTF-8"?>
<!-- Generated by org.testng.reporters.JUnitReportReporter -->
<testsuite hostname="Prasannakumar" failures="0" tests="1" name="day.CookiesDemo" time="2.072" errors="0" timestamp="2024-05-17T18:05:23 IST" skipped="0">
  <testcase classname="day.CookiesDemo" name="getCookiesInfo" time="2.072"/>
  <system-out/>
</testsuite> <!-- day.CookiesDemo -->
