<?xml version="1.0" encoding="UTF-8"?>
<!-- Generated by org.testng.reporters.JUnitReportReporter -->
<testsuite hostname="Prasannakumar" failures="0" tests="1" name="day4.ParsingjsonResponseData" time="1.443" errors="0" timestamp="2024-05-19T11:58:41 IST" skipped="0">
  <testcase classname="day4.ParsingjsonResponseData" name="validateResponceBody_Type1" time="1.443"/>
  <system-out/>
</testsuite> <!-- day4.ParsingjsonResponseData -->
