<?xml version="1.0" encoding="UTF-8"?>
<!-- Generated by org.testng.reporters.JUnitReportReporter -->
<testsuite hostname="Prasannakumar" failures="0" tests="1" name="day1.HttpRequest" time="1.364" errors="0" timestamp="2024-05-22T12:04:56 IST" skipped="0">
  <testcase classname="day1.HttpRequest" name="getusers" time="1.364"/>
  <system-out/>
</testsuite> <!-- day1.HttpRequest -->
